[2025-08-31 10:04:46.028]: Info: Sunshine version: v2025.628.4510
[2025-08-31 10:04:46.029]: Info: Package Publisher: LizardByte
[2025-08-31 10:04:46.029]: Info: Publisher Website: https://app.lizardbyte.dev
[2025-08-31 10:04:46.029]: Info: Get support: https://app.lizardbyte.dev/support
[2025-08-31 10:04:46.100]: Warning: No gamepad input is available
[2025-08-31 10:04:46.100]: Info: // Testing for available encoders, this may generate errors. You can safely ignore those errors. //
[2025-08-31 10:04:46.100]: Info: Trying encoder [videotoolbox]
[2025-08-31 10:04:46.113]: Info: Detecting displays
[2025-08-31 10:04:46.113]: Info: Detected display: Built-in Retina Display (id: 1) connected: true
[2025-08-31 10:04:46.113]: Info: Configuring selected display (1) to stream
[2025-08-31 10:04:46.123]: Info: Creating encoder [h264_videotoolbox]
[2025-08-31 10:04:46.123]: Info: Color coding: SDR (Rec. 601)
[2025-08-31 10:04:46.123]: Info: Color depth: 8-bit
[2025-08-31 10:04:46.123]: Info: Color range: JPEG
[2025-08-31 10:04:46.124]: Info: Streaming bitrate is 1000000
[2025-08-31 10:04:46.869]: Warning: [h264_videotoolbox @ 0x144e0ff50] PrioritizeEncodingSpeedOverQuality property is not supported on this device. Ignoring.
[2025-08-31 10:04:46.870]: Info: [h264_videotoolbox @ 0x144e0ff50] This device does not support the AllowOpenGop option. Value ignored.
[2025-08-31 10:04:47.479]: Info: Creating encoder [hevc_videotoolbox]
[2025-08-31 10:04:47.479]: Info: Color coding: SDR (Rec. 601)
[2025-08-31 10:04:47.479]: Info: Color depth: 8-bit
[2025-08-31 10:04:47.479]: Info: Color range: JPEG
[2025-08-31 10:04:47.479]: Info: Streaming bitrate is 1000000
[2025-08-31 10:04:47.493]: Info: [hevc_videotoolbox @ 0x134e453b0] This device does not support the max_ref_frames option. Value ignored.
[2025-08-31 10:04:47.689]: Info: Creating encoder [av1_videotoolbox]
[2025-08-31 10:04:47.690]: Info: Color coding: SDR (Rec. 601)
[2025-08-31 10:04:47.690]: Info: Color depth: 8-bit
[2025-08-31 10:04:47.690]: Info: Color range: JPEG
[2025-08-31 10:04:47.690]: Error: Couldn't open [av1_videotoolbox]
[2025-08-31 10:04:47.690]: Info: Detecting displays
[2025-08-31 10:04:47.690]: Info: Detected display: Built-in Retina Display (id: 1) connected: true
[2025-08-31 10:04:47.690]: Info: Configuring selected display (1) to stream
[2025-08-31 10:04:47.690]: Info: Creating encoder [hevc_videotoolbox]
[2025-08-31 10:04:47.690]: Info: Color coding: SDR (Rec. 709)
[2025-08-31 10:04:47.690]: Info: Color depth: 10-bit
[2025-08-31 10:04:47.690]: Info: Color range: JPEG
[2025-08-31 10:04:47.690]: Info: Streaming bitrate is 1000000
[2025-08-31 10:04:47.702]: Info: [hevc_videotoolbox @ 0x144f4e8c0] This device does not support the max_ref_frames option. Value ignored.
[2025-08-31 10:04:48.015]: Info: 
[2025-08-31 10:04:48.015]: Info: // Ignore any errors mentioned above, they are not relevant. //
[2025-08-31 10:04:48.015]: Info: 
[2025-08-31 10:04:48.015]: Info: Found H.264 encoder: h264_videotoolbox [videotoolbox]
[2025-08-31 10:04:48.015]: Info: Found HEVC encoder: hevc_videotoolbox [videotoolbox]
[2025-08-31 10:04:48.096]: Info: Open the Web UI to set your new username and password and getting started
[2025-08-31 10:04:48.097]: Info: File /Users/admin/.config/sunshine/sunshine_state.json doesn't exist
[2025-08-31 10:04:48.098]: Info: Configuration UI available at [https://localhost:47990]
[2025-08-31 10:04:48.800]: Info: Successfully registered DNS service.
[2025-08-31 10:05:06.909]: Info: Web UI: [127.0.0.1] -- not authorized
[2025-08-31 10:08:18.142]: Info: Interrupt handler called
[2025-08-31 10:08:18.485]: Info: Deregistered DNS service.
